[    1442ms] [ERROR] Failed to load resource: the server responded with a status of 404 (Not Found) @ http://localhost:4322/assets/images/breadcrumb/breadcrumb-shape-line.png:0
[    1443ms] [ERROR] Failed to load resource: the server responded with a status of 404 (Not Found) @ http://localhost:4322/assets/images/cta/bg-patten.png:0
[   25174ms] [ERROR] Failed to load resource: the server responded with a status of 404 (Not Found) @ http://localhost:4322/assets/images/breadcrumb/breadcrumb-shape-line.png:0
[   25175ms] [ERROR] Failed to load resource: the server responded with a status of 404 (Not Found) @ http://localhost:4322/bots/assets/images/cta/bg-patten.png:0
[   25255ms] [INFO] %cDownload the React DevTools for a better development experience: https://react.dev/link/react-devtools font-weight:bold @ http://localhost:4322/node_modules/.vite/deps/client--C8cioMw.js?v=e7ec7a53:14391
[  288578ms] [ERROR] Failed to load resource: the server responded with a status of 404 (Not Found) @ http://localhost:4322/assets/images/breadcrumb/breadcrumb-shape-line.png:0
[  288578ms] [ERROR] Failed to load resource: the server responded with a status of 404 (Not Found) @ http://localhost:4322/bots/assets/images/cta/bg-patten.png:0
[  288593ms] [INFO] %cDownload the React DevTools for a better development experience: https://react.dev/link/react-devtools font-weight:bold @ http://localhost:4322/node_modules/.vite/deps/client--C8cioMw.js?v=e7ec7a53:14391
[  289235ms] [ERROR] WebSocket connection to 'wss://mc.yandex.com/solid.ws' failed: Error in connection establishment: net::ERR_CONNECTION_CLOSED @ https://mc.yandex.ru/metrika/tag.js?id=105578537:514
[  328310ms] [ERROR] Failed to load resource: the server responded with a status of 404 (Not Found) @ http://localhost:4322/assets/images/breadcrumb/breadcrumb-shape-line.png:0
[  328310ms] [ERROR] Failed to load resource: the server responded with a status of 404 (Not Found) @ http://localhost:4322/bots/assets/images/cta/bg-patten.png:0
[  328320ms] [INFO] %cDownload the React DevTools for a better development experience: https://react.dev/link/react-devtools font-weight:bold @ http://localhost:4322/node_modules/.vite/deps/client--C8cioMw.js?v=e7ec7a53:14391
[  339022ms] [ERROR] Failed to load resource: net::ERR_CONNECTION_CLOSED @ https://mc.yandex.com/watch/105578537?wmode=7&page-url=http%3A%2F%2Flocalhost%3A4322%2Fbots%2Fbotsync&charset=utf-8&uah=chu%0A%22Google%20Chrome%22%3Bv%3D%22149%22%2C%22Chromium%22%3Bv%3D%22149%22%2C%22Not)A%3BBrand%22%3Bv%3D%2224%22%0Acha%0Ax86%0Achb%0A64%0Achf%0A149.0.7827.200%0Achl%0A%22Google%20Chrome%22%3Bv%3D%22149.0.7827.200%22%2C%22Chromium%22%3Bv%3D%22149.0.7827.200%22%2C%22Not)A%3BBrand%22%3Bv%3D%2224.0.0.0%22%0Achm%0A%3F0%0Achp%0AWindows%0Achv%0A19.0.0&browser-info=pv%3A1%3Avf%3A1rp780kvsn7udgvn9kvipdjbujq3tn%3Afu%3A1%3Aen%3Autf-8%3Ala%3Aru-RU%3Av%3A2561%3Acn%3A1%3Adp%3A0%3Als%3A455487578130%3Ahid%3A927518239%3Az%3A300%3Ai%3A20260629021319%3Aet%3A1782681199%3Ac%3A1%3Arn%3A717444997%3Arqn%3A5%3Au%3A1782680873595844195%3Aw%3A1280x720%3As%3A1280x720x24%3Ask%3A1%3Afp%3A272%3Awv%3A2%3Ads%3A0%2C0%2C239%2C225%2C2%2C0%2C%2C%2C%2C%2C%2C%2C%3Aco%3A0%3Ahdl%3A1%3Acpf%3A1%3Ans%3A1782681198755%3Aadb%3A2%3Arqnl%3A1%3Ast%3A1782681199%3At%3A%D0%A3%D0%BC%D0%BD%D1%8B%D0%B9%20%D1%87%D0%B0%D1%82-%D0%B1%D0%BE%D1%82%20%D0%B8%D0%B8%20BotSync%3A%20%D0%BE%D0%B1%D1%89%D0%B0%D1%82%D1%8C%D1%81%D1%8F%20%D1%81%20%D0%BD%D0%B5%D0%B9%D1%80%D0%BE%D1%81%D0%B5%D1%82%D1%8C%D1%8E%20%7C%20BotSync&t=clt(4)clc(0-0-0)rqnt(1)rfs(1)ufs(1)aw(1)rcm(0)cdl(na)eco(10568841)ti(1):0
[  339479ms] [ERROR] Failed to load resource: net::ERR_CONNECTION_CLOSED @ https://mc.yandex.com/watch/105578537?wmode=7&page-url=http%3A%2F%2Flocalhost%3A4322%2Fbots%2Fbotsync&charset=utf-8&uah=chu%0A%22Google%20Chrome%22%3Bv%3D%22149%22%2C%22Chromium%22%3Bv%3D%22149%22%2C%22Not)A%3BBrand%22%3Bv%3D%2224%22%0Acha%0Ax86%0Achb%0A64%0Achf%0A149.0.7827.200%0Achl%0A%22Google%20Chrome%22%3Bv%3D%22149.0.7827.200%22%2C%22Chromium%22%3Bv%3D%22149.0.7827.200%22%2C%22Not)A%3BBrand%22%3Bv%3D%2224.0.0.0%22%0Achm%0A%3F0%0Achp%0AWindows%0Achv%0A19.0.0&browser-info=pv%3A1%3Avf%3A1rp780kvsn7udgvn9kvipdjbujq3tn%3Afu%3A1%3Aen%3Autf-8%3Ala%3Aru-RU%3Av%3A2561%3Acn%3A1%3Adp%3A0%3Als%3A455487578130%3Ahid%3A927518239%3Az%3A300%3Ai%3A20260629021319%3Aet%3A1782681199%3Ac%3A1%3Arn%3A717444997%3Arqn%3A5%3Au%3A1782680873595844195%3Aw%3A1280x720%3As%3A1280x720x24%3Ask%3A1%3Afp%3A272%3Awv%3A2%3Ads%3A0%2C0%2C239%2C225%2C2%2C0%2C%2C%2C%2C%2C%2C%2C%3Aco%3A0%3Ahdl%3A1%3Acpf%3A1%3Ans%3A1782681198755%3Aadb%3A2%3Arqnl%3A1%3Ast%3A1782681210%3At%3A%D0%A3%D0%BC%D0%BD%D1%8B%D0%B9%20%D1%87%D0%B0%D1%82-%D0%B1%D0%BE%D1%82%20%D0%B8%D0%B8%20BotSync%3A%20%D0%BE%D0%B1%D1%89%D0%B0%D1%82%D1%8C%D1%81%D1%8F%20%D1%81%20%D0%BD%D0%B5%D0%B9%D1%80%D0%BE%D1%81%D0%B5%D1%82%D1%8C%D1%8E%20%7C%20BotSync&t=clt(4)clc(0-0-0)rqnt(1)rfs(1)ufs(1)aw(1)rcm(0)cdl(na)eco(10568841)ti(2):0
[  359801ms] [ERROR] Failed to load resource: net::ERR_CONNECTION_CLOSED @ https://mc.yandex.com/watch/105578537?callback=_ymjsp828382753&page-url=http%3A%2F%2Flocalhost%3A4322%2Fbots%2Fbotsync&charset=utf-8&uah=chu%0A%22Google%20Chrome%22%3Bv%3D%22149%22%2C%22Chromium%22%3Bv%3D%22149%22%2C%22Not)A%3BBrand%22%3Bv%3D%2224%22%0Acha%0Ax86%0Achb%0A64%0Achf%0A149.0.7827.200%0Achl%0A%22Google%20Chrome%22%3Bv%3D%22149.0.7827.200%22%2C%22Chromium%22%3Bv%3D%22149.0.7827.200%22%2C%22Not)A%3BBrand%22%3Bv%3D%2224.0.0.0%22%0Achm%0A%3F0%0Achp%0AWindows%0Achv%0A19.0.0&browser-info=pv%3A1%3Avf%3A1rp780kvsn7udgvn9kvipdjbujq3tn%3Afu%3A1%3Aen%3Autf-8%3Ala%3Aru-RU%3Av%3A2561%3Acn%3A1%3Adp%3A0%3Als%3A455487578130%3Ahid%3A927518239%3Az%3A300%3Ai%3A20260629021319%3Aet%3A1782681199%3Ac%3A1%3Arn%3A717444997%3Arqn%3A5%3Au%3A1782680873595844195%3Aw%3A1280x720%3As%3A1280x720x24%3Ask%3A1%3Afp%3A272%3Awv%3A2%3Ads%3A0%2C0%2C239%2C225%2C2%2C0%2C%2C%2C%2C%2C%2C%2C%3Aco%3A0%3Ahdl%3A1%3Acpf%3A1%3Ans%3A1782681198755%3Aadb%3A2%3Arqnl%3A1%3Ast%3A1782681210%3At%3A%D0%A3%D0%BC%D0%BD%D1%8B%D0%B9%20%D1%87%D0%B0%D1%82-%D0%B1%D0%BE%D1%82%20%D0%B8%D0%B8%20BotSync%3A%20%D0%BE%D0%B1%D1%89%D0%B0%D1%82%D1%8C%D1%81%D1%8F%20%D1%81%20%D0%BD%D0%B5%D0%B9%D1%80%D0%BE%D1%81%D0%B5%D1%82%D1%8C%D1%8E%20%7C%20BotSync&t=clt(4)clc(0-0-0)rqnt(1)rfs(1)ufs(1)aw(1)rcm(0)cdl(na)eco(10568841)ti(3)&wmode=5:0
[35932657ms] [LOG] [vite] server connection lost. Polling for restart... @ http://localhost:4322/@vite/client:1726
[35933154ms] [ERROR] Failed to load resource: the server responded with a status of 500 (Internal Server Error) @ http://localhost:4322/bots/botsync:0
[35933181ms] [ERROR] Failed to load resource: the server responded with a status of 404 (Not Found) @ http://localhost:4322/favicon.ico:0
[35933215ms] [ERROR] Failed to load resource: the server responded with a status of 500 (Internal Server Error) @ http://localhost:4322/bots/botsync:0
[35933262ms] [ERROR] Failed to load resource: the server responded with a status of 500 (Internal Server Error) @ http://localhost:4322/bots/botsync:0
[35956059ms] [ERROR] Failed to load resource: the server responded with a status of 500 (Internal Server Error) @ http://localhost:4322/bots/botsync:0
[35956103ms] [ERROR] Failed to load resource: the server responded with a status of 500 (Internal Server Error) @ http://localhost:4322/bots/botsync:0
[35956750ms] [LOG] [vite] server connection lost. Polling for restart... @ http://localhost:4322/@vite/client:1726
[35957188ms] [ERROR] Failed to load resource: the server responded with a status of 500 (Internal Server Error) @ http://localhost:4322/bots/botsync:0
[35957240ms] [ERROR] Failed to load resource: the server responded with a status of 500 (Internal Server Error) @ http://localhost:4322/bots/botsync:0
[35957287ms] [ERROR] Failed to load resource: the server responded with a status of 500 (Internal Server Error) @ http://localhost:4322/bots/botsync:0
[35968735ms] [ERROR] Failed to load resource: the server responded with a status of 500 (Internal Server Error) @ http://localhost:4322/bots/botsync:0
[35968780ms] [ERROR] Failed to load resource: the server responded with a status of 500 (Internal Server Error) @ http://localhost:4322/bots/botsync:0
[35969276ms] [LOG] [vite] server connection lost. Polling for restart... @ http://localhost:4322/@vite/client:1726
[35969693ms] [ERROR] Failed to load resource: the server responded with a status of 500 (Internal Server Error) @ http://localhost:4322/bots/botsync:0
[35969739ms] [ERROR] Failed to load resource: the server responded with a status of 500 (Internal Server Error) @ http://localhost:4322/bots/botsync:0
[36398323ms] [ERROR] Failed to load resource: the server responded with a status of 500 (Internal Server Error) @ http://localhost:4322/bots/botsync:0
[36398365ms] [ERROR] Failed to load resource: the server responded with a status of 500 (Internal Server Error) @ http://localhost:4322/bots/botsync:0
[36769820ms] [ERROR] Failed to load resource: the server responded with a status of 500 (Internal Server Error) @ http://localhost:4322/bots/botsync:0
[36769864ms] [ERROR] Failed to load resource: the server responded with a status of 500 (Internal Server Error) @ http://localhost:4322/bots/botsync:0
[37063682ms] [ERROR] Failed to load resource: the server responded with a status of 500 (Internal Server Error) @ http://localhost:4322/bots/botsync:0
[37063725ms] [ERROR] Failed to load resource: the server responded with a status of 500 (Internal Server Error) @ http://localhost:4322/bots/botsync:0
[37064351ms] [LOG] [vite] server connection lost. Polling for restart... @ http://localhost:4322/@vite/client:1726
[37065324ms] [ERROR] Failed to load resource: the server responded with a status of 404 (Not Found) @ http://localhost:4322/bots/botsync:0
